<?xml version="1.0" encoding="UTF-8"?>
<!-- Generated by org.testng.reporters.JUnitReportReporter -->
<testsuite hostname="DESKTOP-0L9DERS" failures="0" tests="2" name="testRunnerAllureParallelScenarios1.TestRunnerAllureParallelScenarios1" time="6.668" errors="0" timestamp="2025-05-04T22:31:48 EDT" skipped="0">
  <testcase classname="testRunnerAllureParallelScenarios1.TestRunnerAllureParallelScenarios1" name="runScenario" time="3.334"/>
  <testcase classname="testRunnerAllureParallelScenarios1.TestRunnerAllureParallelScenarios1" name="runScenario" time="3.334"/>
</testsuite> <!-- testRunnerAllureParallelScenarios1.TestRunnerAllureParallelScenarios1 -->
