<?xml version="1.0" encoding="UTF-8"?>
<!-- Generated by org.testng.reporters.JUnitReportReporter -->
<testsuite hostname="DESKTOP-0L9DERS" failures="0" tests="2" name="testRunnerAllureParallelScenarios1.TestRunnerAllureParallelScenarios1" time="7.950" errors="0" timestamp="2025-05-12T22:33:29 EDT" skipped="0">
  <testcase classname="testRunnerAllureParallelScenarios1.TestRunnerAllureParallelScenarios1" name="runScenario" time="3.975"/>
  <testcase classname="testRunnerAllureParallelScenarios1.TestRunnerAllureParallelScenarios1" name="runScenario" time="3.975"/>
</testsuite> <!-- testRunnerAllureParallelScenarios1.TestRunnerAllureParallelScenarios1 -->
