<?xml version="1.0" encoding="UTF-8"?>
<!-- Generated by org.testng.reporters.JUnitReportReporter -->
<testsuite hostname="DESKTOP-0L9DERS" failures="0" tests="2" name="testRunnerAllureParallelScenarios1.TestRunnerAllureParallelScenarios1" time="8.938" errors="0" timestamp="2025-05-14T22:16:39 EDT" skipped="0">
  <testcase classname="testRunnerAllureParallelScenarios1.TestRunnerAllureParallelScenarios1" name="runScenario" time="4.469"/>
  <testcase classname="testRunnerAllureParallelScenarios1.TestRunnerAllureParallelScenarios1" name="runScenario" time="4.469"/>
</testsuite> <!-- testRunnerAllureParallelScenarios1.TestRunnerAllureParallelScenarios1 -->
